c:\users\pawnstar\source\repos\logbook\debug\vc142.pdb
c:\users\pawnstar\source\repos\logbook\debug\supervisor_login.obj
c:\users\pawnstar\source\repos\logbook\debug\supervisorsdashboard.obj
c:\users\pawnstar\source\repos\logbook\debug\supervisorregister.obj
c:\users\pawnstar\source\repos\logbook\debug\studentregister.obj
c:\users\pawnstar\source\repos\logbook\debug\logbookwriter.obj
c:\users\pawnstar\source\repos\logbook\debug\microsoft.sqlserver.connectiondlg.core.dll
c:\users\pawnstar\source\repos\logbook\debug\microsoft.sqlserver.connectiondlg.ui.dll
c:\users\pawnstar\source\repos\logbook\debug\mysql.data.dll
c:\users\pawnstar\source\repos\logbook\debug\microsoft.sqlserver.tools.extensibility.dll
c:\users\pawnstar\source\repos\logbook\debug\microsoft.sqlserver.data.tools.exceptionmessagebox.dll
c:\users\pawnstar\source\repos\logbook\debug\google.protobuf.dll
c:\users\pawnstar\source\repos\logbook\debug\zstdnet.dll
c:\users\pawnstar\source\repos\logbook\debug\k4os.compression.lz4.streams.dll
c:\users\pawnstar\source\repos\logbook\debug\bouncycastle.crypto.dll
c:\users\pawnstar\source\repos\logbook\debug\ubiety.dns.core.dll
c:\users\pawnstar\source\repos\logbook\debug\system.buffers.dll
c:\users\pawnstar\source\repos\logbook\debug\k4os.compression.lz4.dll
c:\users\pawnstar\source\repos\logbook\debug\k4os.hash.xxhash.dll
c:\users\pawnstar\source\repos\logbook\debug\mysql.data.xml
c:\users\pawnstar\source\repos\logbook\debug\ru\microsoft.sqlserver.connectiondlg.core.resources.dll
c:\users\pawnstar\source\repos\logbook\debug\ru\microsoft.sqlserver.connectiondlg.ui.resources.dll
c:\users\pawnstar\source\repos\logbook\debug\ru\microsoft.sqlserver.tools.extensibility.resources.dll
c:\users\pawnstar\source\repos\logbook\debug\ru\microsoft.sqlserver.data.tools.exceptionmessagebox.resources.dll
c:\users\pawnstar\source\repos\logbook\debug\logbook.vcxproj.resolvecomreference.cache
c:\users\pawnstar\source\repos\logbook\debug\logbook.vcxprojassemblyreference.cache
c:\users\pawnstar\source\repos\logbook\debug\logbook.tlog\cl.command.1.tlog
c:\users\pawnstar\source\repos\logbook\debug\logbook.tlog\cl.read.1.tlog
c:\users\pawnstar\source\repos\logbook\debug\logbook.tlog\cl.write.1.tlog
c:\users\pawnstar\source\repos\logbook\debug\logbook.tlog\logbook.write.1u.tlog
c:\users\pawnstar\source\repos\logbook\debug\logbook.tlog\metagen.write.1.tlog
